<?xml version="1.0" encoding="UTF-8"?>
<testng-results skipped="0" failed="0" ignored="0" total="1" passed="1">
  <reporter-output>
  </reporter-output>
  <suite name="Default suite" duration-ms="19280" started-at="2021-05-15T14:26:18Z" finished-at="2021-05-15T14:26:37Z">
    <groups>
    </groups>
    <test name="Default test" duration-ms="19280" started-at="2021-05-15T14:26:18Z" finished-at="2021-05-15T14:26:37Z">
      <class name="scripts.ValidLogin">
        <test-method status="PASS" signature="preCondition()[pri:0, instance:scripts.ValidLogin@5abca1e0]" name="preCondition" is-config="true" duration-ms="13394" started-at="2021-05-15T14:26:18Z" finished-at="2021-05-15T14:26:31Z">
          <reporter-output>
          </reporter-output>
        </test-method> <!-- preCondition -->
        <test-method status="PASS" signature="testValidLogin()[pri:0, instance:scripts.ValidLogin@5abca1e0]" name="testValidLogin" duration-ms="5710" started-at="2021-05-15T14:26:31Z" finished-at="2021-05-15T14:26:37Z">
          <reporter-output>
          </reporter-output>
        </test-method> <!-- testValidLogin -->
        <test-method status="PASS" signature="postCondition()[pri:0, instance:scripts.ValidLogin@5abca1e0]" name="postCondition" is-config="true" duration-ms="138" started-at="2021-05-15T14:26:37Z" finished-at="2021-05-15T14:26:37Z">
          <reporter-output>
          </reporter-output>
        </test-method> <!-- postCondition -->
      </class> <!-- scripts.ValidLogin -->
    </test> <!-- Default test -->
  </suite> <!-- Default suite -->
</testng-results>
