<?xml version="1.0" encoding="UTF-8"?>
<testng-results skipped="0" failed="0" ignored="0" total="1" passed="1">
  <reporter-output>
  </reporter-output>
  <suite name="Default suite" duration-ms="17934" started-at="2021-05-15T15:06:26Z" finished-at="2021-05-15T15:06:44Z">
    <groups>
    </groups>
    <test name="Default test" duration-ms="17934" started-at="2021-05-15T15:06:26Z" finished-at="2021-05-15T15:06:44Z">
      <class name="scripts.InvalidLogin">
        <test-method status="PASS" signature="preCondition()[pri:0, instance:scripts.InvalidLogin@1dfe2924]" name="preCondition" is-config="true" duration-ms="14327" started-at="2021-05-15T15:06:26Z" finished-at="2021-05-15T15:06:40Z">
          <reporter-output>
          </reporter-output>
        </test-method> <!-- preCondition -->
        <test-method status="PASS" signature="testInvalidLogin()[pri:0, instance:scripts.InvalidLogin@1dfe2924]" name="testInvalidLogin" duration-ms="3384" started-at="2021-05-15T15:06:40Z" finished-at="2021-05-15T15:06:44Z">
          <reporter-output>
          </reporter-output>
        </test-method> <!-- testInvalidLogin -->
        <test-method status="PASS" signature="postCondition()[pri:0, instance:scripts.InvalidLogin@1dfe2924]" name="postCondition" is-config="true" duration-ms="167" started-at="2021-05-15T15:06:44Z" finished-at="2021-05-15T15:06:44Z">
          <reporter-output>
          </reporter-output>
        </test-method> <!-- postCondition -->
      </class> <!-- scripts.InvalidLogin -->
    </test> <!-- Default test -->
  </suite> <!-- Default suite -->
</testng-results>
